2015/01/18 07:51:23 [error] [exception.CException] exception 'CException' with message 'Alias "extensions.SearchWidget" is invalid. Make sure it points to an existing directory or file.' in C:\xampp\htdocs\yii\framework\YiiBase.php:348
Stack trace:
#0 C:\xampp\htdocs\yii\framework\web\CWidgetFactory.php(146): YiiBase::import('extensions.Sear...', true)
#1 C:\xampp\htdocs\yii\framework\web\CBaseController.php(146): CWidgetFactory->createWidget(Object(SiteController), 'extensions.Sear...', Array)
#2 C:\xampp\htdocs\yii\framework\web\CBaseController.php(180): CBaseController->createWidget('extensions.Sear...', Array)
#3 C:\xampp\htdocs\regenbuk\protected\views\layouts\main.php(84): CBaseController->widget('extensions.Sear...')
#4 C:\xampp\htdocs\yii\framework\web\CBaseController.php(126): require('C:\\xampp\\htdocs...')
#5 C:\xampp\htdocs\yii\framework\web\CBaseController.php(95): CBaseController->renderInternal('C:\\xampp\\htdocs...', Array, true)
#6 C:\xampp\htdocs\yii\framework\web\widgets\CContentDecorator.php(76): CBaseController->renderFile('C:\\xampp\\htdocs...', Array, true)
#7 C:\xampp\htdocs\yii\framework\web\widgets\CContentDecorator.php(54): CContentDecorator->decorate('<div id="conten...')
#8 C:\xampp\htdocs\yii\framework\web\widgets\COutputProcessor.php(44): CContentDecorator->processOutput('<div id="conten...')
#9 C:\xampp\htdocs\yii\framework\web\CBaseController.php(214): COutputProcessor->run()
#10 C:\xampp\htdocs\yii\framework\web\CBaseController.php(308): CBaseController->endWidget('CContentDecorat...')
#11 C:\xampp\htdocs\regenbuk\protected\views\layouts\column1.php(6): CBaseController->endContent()
#12 C:\xampp\htdocs\yii\framework\web\CBaseController.php(126): require('C:\\xampp\\htdocs...')
#13 C:\xampp\htdocs\yii\framework\web\CBaseController.php(95): CBaseController->renderInternal('C:\\xampp\\htdocs...', Array, true)
#14 C:\xampp\htdocs\yii\framework\web\CController.php(784): CBaseController->renderFile('C:\\xampp\\htdocs...', Array, true)
#15 C:\xampp\htdocs\regenbuk\protected\controllers\SiteController.php(32): CController->render('index')
#16 C:\xampp\htdocs\yii\framework\web\actions\CInlineAction.php(49): SiteController->actionIndex()
#17 C:\xampp\htdocs\yii\framework\web\CController.php(308): CInlineAction->runWithParams(Array)
#18 C:\xampp\htdocs\yii\framework\web\CController.php(286): CController->runAction(Object(CInlineAction))
#19 C:\xampp\htdocs\yii\framework\web\CController.php(265): CController->runActionWithFilters(Object(CInlineAction), Array)
#20 C:\xampp\htdocs\yii\framework\web\CWebApplication.php(282): CController->run('')
#21 C:\xampp\htdocs\yii\framework\web\CWebApplication.php(141): CWebApplication->runController('')
#22 C:\xampp\htdocs\yii\framework\base\CApplication.php(184): CWebApplication->processRequest()
#23 C:\xampp\htdocs\regenbuk\index.php(13): CApplication->run()
#24 {main}
REQUEST_URI=/regenbuk/
---
2015/01/18 07:51:35 [error] [exception.CException] exception 'CException' with message 'Alias "extensions.SearchWidget.SearchWidget" is invalid. Make sure it points to an existing directory or file.' in C:\xampp\htdocs\yii\framework\YiiBase.php:348
Stack trace:
#0 C:\xampp\htdocs\yii\framework\web\CWidgetFactory.php(146): YiiBase::import('extensions.Sear...', true)
#1 C:\xampp\htdocs\yii\framework\web\CBaseController.php(146): CWidgetFactory->createWidget(Object(SiteController), 'extensions.Sear...', Array)
#2 C:\xampp\htdocs\yii\framework\web\CBaseController.php(180): CBaseController->createWidget('extensions.Sear...', Array)
#3 C:\xampp\htdocs\regenbuk\protected\views\layouts\main.php(84): CBaseController->widget('extensions.Sear...')
#4 C:\xampp\htdocs\yii\framework\web\CBaseController.php(126): require('C:\\xampp\\htdocs...')
#5 C:\xampp\htdocs\yii\framework\web\CBaseController.php(95): CBaseController->renderInternal('C:\\xampp\\htdocs...', Array, true)
#6 C:\xampp\htdocs\yii\framework\web\widgets\CContentDecorator.php(76): CBaseController->renderFile('C:\\xampp\\htdocs...', Array, true)
#7 C:\xampp\htdocs\yii\framework\web\widgets\CContentDecorator.php(54): CContentDecorator->decorate('<div id="conten...')
#8 C:\xampp\htdocs\yii\framework\web\widgets\COutputProcessor.php(44): CContentDecorator->processOutput('<div id="conten...')
#9 C:\xampp\htdocs\yii\framework\web\CBaseController.php(214): COutputProcessor->run()
#10 C:\xampp\htdocs\yii\framework\web\CBaseController.php(308): CBaseController->endWidget('CContentDecorat...')
#11 C:\xampp\htdocs\regenbuk\protected\views\layouts\column1.php(6): CBaseController->endContent()
#12 C:\xampp\htdocs\yii\framework\web\CBaseController.php(126): require('C:\\xampp\\htdocs...')
#13 C:\xampp\htdocs\yii\framework\web\CBaseController.php(95): CBaseController->renderInternal('C:\\xampp\\htdocs...', Array, true)
#14 C:\xampp\htdocs\yii\framework\web\CController.php(784): CBaseController->renderFile('C:\\xampp\\htdocs...', Array, true)
#15 C:\xampp\htdocs\regenbuk\protected\controllers\SiteController.php(32): CController->render('index')
#16 C:\xampp\htdocs\yii\framework\web\actions\CInlineAction.php(49): SiteController->actionIndex()
#17 C:\xampp\htdocs\yii\framework\web\CController.php(308): CInlineAction->runWithParams(Array)
#18 C:\xampp\htdocs\yii\framework\web\CController.php(286): CController->runAction(Object(CInlineAction))
#19 C:\xampp\htdocs\yii\framework\web\CController.php(265): CController->runActionWithFilters(Object(CInlineAction), Array)
#20 C:\xampp\htdocs\yii\framework\web\CWebApplication.php(282): CController->run('')
#21 C:\xampp\htdocs\yii\framework\web\CWebApplication.php(141): CWebApplication->runController('')
#22 C:\xampp\htdocs\yii\framework\base\CApplication.php(184): CWebApplication->processRequest()
#23 C:\xampp\htdocs\regenbuk\index.php(13): CApplication->run()
#24 {main}
REQUEST_URI=/regenbuk/
---
2015/01/18 07:51:36 [error] [exception.CException] exception 'CException' with message 'Alias "extensions.SearchWidget.SearchWidget" is invalid. Make sure it points to an existing directory or file.' in C:\xampp\htdocs\yii\framework\YiiBase.php:348
Stack trace:
#0 C:\xampp\htdocs\yii\framework\web\CWidgetFactory.php(146): YiiBase::import('extensions.Sear...', true)
#1 C:\xampp\htdocs\yii\framework\web\CBaseController.php(146): CWidgetFactory->createWidget(Object(SiteController), 'extensions.Sear...', Array)
#2 C:\xampp\htdocs\yii\framework\web\CBaseController.php(180): CBaseController->createWidget('extensions.Sear...', Array)
#3 C:\xampp\htdocs\regenbuk\protected\views\layouts\main.php(84): CBaseController->widget('extensions.Sear...')
#4 C:\xampp\htdocs\yii\framework\web\CBaseController.php(126): require('C:\\xampp\\htdocs...')
#5 C:\xampp\htdocs\yii\framework\web\CBaseController.php(95): CBaseController->renderInternal('C:\\xampp\\htdocs...', Array, true)
#6 C:\xampp\htdocs\yii\framework\web\widgets\CContentDecorator.php(76): CBaseController->renderFile('C:\\xampp\\htdocs...', Array, true)
#7 C:\xampp\htdocs\yii\framework\web\widgets\CContentDecorator.php(54): CContentDecorator->decorate('<div id="conten...')
#8 C:\xampp\htdocs\yii\framework\web\widgets\COutputProcessor.php(44): CContentDecorator->processOutput('<div id="conten...')
#9 C:\xampp\htdocs\yii\framework\web\CBaseController.php(214): COutputProcessor->run()
#10 C:\xampp\htdocs\yii\framework\web\CBaseController.php(308): CBaseController->endWidget('CContentDecorat...')
#11 C:\xampp\htdocs\regenbuk\protected\views\layouts\column1.php(6): CBaseController->endContent()
#12 C:\xampp\htdocs\yii\framework\web\CBaseController.php(126): require('C:\\xampp\\htdocs...')
#13 C:\xampp\htdocs\yii\framework\web\CBaseController.php(95): CBaseController->renderInternal('C:\\xampp\\htdocs...', Array, true)
#14 C:\xampp\htdocs\yii\framework\web\CController.php(784): CBaseController->renderFile('C:\\xampp\\htdocs...', Array, true)
#15 C:\xampp\htdocs\regenbuk\protected\controllers\SiteController.php(32): CController->render('index')
#16 C:\xampp\htdocs\yii\framework\web\actions\CInlineAction.php(49): SiteController->actionIndex()
#17 C:\xampp\htdocs\yii\framework\web\CController.php(308): CInlineAction->runWithParams(Array)
#18 C:\xampp\htdocs\yii\framework\web\CController.php(286): CController->runAction(Object(CInlineAction))
#19 C:\xampp\htdocs\yii\framework\web\CController.php(265): CController->runActionWithFilters(Object(CInlineAction), Array)
#20 C:\xampp\htdocs\yii\framework\web\CWebApplication.php(282): CController->run('')
#21 C:\xampp\htdocs\yii\framework\web\CWebApplication.php(141): CWebApplication->runController('')
#22 C:\xampp\htdocs\yii\framework\base\CApplication.php(184): CWebApplication->processRequest()
#23 C:\xampp\htdocs\regenbuk\index.php(13): CApplication->run()
#24 {main}
REQUEST_URI=/regenbuk/
---
2015/01/18 12:04:04 [error] [exception.CException] exception 'CException' with message 'LoginWidget and its behaviors do not have a method or closure named "redirect".' in C:\xampp\htdocs\yii\framework\base\CComponent.php:266
Stack trace:
#0 C:\xampp\htdocs\regenbuk\protected\components\LoginWidget.php(21): CComponent->__call('redirect', Array)
#1 C:\xampp\htdocs\regenbuk\protected\components\LoginWidget.php(21): LoginWidget->redirect('/regenbuk/index...')
#2 C:\xampp\htdocs\yii\framework\web\CBaseController.php(181): LoginWidget->run()
#3 C:\xampp\htdocs\regenbuk\protected\views\layouts\main.php(46): CBaseController->widget('LoginWidget')
#4 C:\xampp\htdocs\yii\framework\web\CBaseController.php(126): require('C:\\xampp\\htdocs...')
#5 C:\xampp\htdocs\yii\framework\web\CBaseController.php(95): CBaseController->renderInternal('C:\\xampp\\htdocs...', Array, true)
#6 C:\xampp\htdocs\yii\framework\web\widgets\CContentDecorator.php(76): CBaseController->renderFile('C:\\xampp\\htdocs...', Array, true)
#7 C:\xampp\htdocs\yii\framework\web\widgets\CContentDecorator.php(54): CContentDecorator->decorate('<div id="conten...')
#8 C:\xampp\htdocs\yii\framework\web\widgets\COutputProcessor.php(44): CContentDecorator->processOutput('<div id="conten...')
#9 C:\xampp\htdocs\yii\framework\web\CBaseController.php(214): COutputProcessor->run()
#10 C:\xampp\htdocs\yii\framework\web\CBaseController.php(308): CBaseController->endWidget('CContentDecorat...')
#11 C:\xampp\htdocs\regenbuk\protected\views\layouts\column1.php(6): CBaseController->endContent()
#12 C:\xampp\htdocs\yii\framework\web\CBaseController.php(126): require('C:\\xampp\\htdocs...')
#13 C:\xampp\htdocs\yii\framework\web\CBaseController.php(95): CBaseController->renderInternal('C:\\xampp\\htdocs...', Array, true)
#14 C:\xampp\htdocs\yii\framework\web\CController.php(784): CBaseController->renderFile('C:\\xampp\\htdocs...', Array, true)
#15 C:\xampp\htdocs\regenbuk\protected\controllers\SiteController.php(32): CController->render('index')
#16 C:\xampp\htdocs\yii\framework\web\actions\CInlineAction.php(49): SiteController->actionIndex()
#17 C:\xampp\htdocs\yii\framework\web\CController.php(308): CInlineAction->runWithParams(Array)
#18 C:\xampp\htdocs\yii\framework\web\CController.php(286): CController->runAction(Object(CInlineAction))
#19 C:\xampp\htdocs\yii\framework\web\CController.php(265): CController->runActionWithFilters(Object(CInlineAction), Array)
#20 C:\xampp\htdocs\yii\framework\web\CWebApplication.php(282): CController->run('')
#21 C:\xampp\htdocs\yii\framework\web\CWebApplication.php(141): CWebApplication->runController('')
#22 C:\xampp\htdocs\yii\framework\base\CApplication.php(184): CWebApplication->processRequest()
#23 C:\xampp\htdocs\regenbuk\index.php(13): CApplication->run()
#24 {main}
REQUEST_URI=/regenbuk/
HTTP_REFERER=http://localhost/regenbuk/
---
2015/01/18 12:04:51 [error] [exception.CException] exception 'CException' with message 'LoginWidget and its behaviors do not have a method or closure named "redirect".' in C:\xampp\htdocs\yii\framework\base\CComponent.php:266
Stack trace:
#0 C:\xampp\htdocs\regenbuk\protected\components\LoginWidget.php(21): CComponent->__call('redirect', Array)
#1 C:\xampp\htdocs\regenbuk\protected\components\LoginWidget.php(21): LoginWidget->redirect('/regenbuk/index...')
#2 C:\xampp\htdocs\yii\framework\web\CBaseController.php(181): LoginWidget->run()
#3 C:\xampp\htdocs\regenbuk\protected\views\layouts\main.php(46): CBaseController->widget('LoginWidget')
#4 C:\xampp\htdocs\yii\framework\web\CBaseController.php(126): require('C:\\xampp\\htdocs...')
#5 C:\xampp\htdocs\yii\framework\web\CBaseController.php(95): CBaseController->renderInternal('C:\\xampp\\htdocs...', Array, true)
#6 C:\xampp\htdocs\yii\framework\web\widgets\CContentDecorator.php(76): CBaseController->renderFile('C:\\xampp\\htdocs...', Array, true)
#7 C:\xampp\htdocs\yii\framework\web\widgets\CContentDecorator.php(54): CContentDecorator->decorate('<div id="conten...')
#8 C:\xampp\htdocs\yii\framework\web\widgets\COutputProcessor.php(44): CContentDecorator->processOutput('<div id="conten...')
#9 C:\xampp\htdocs\yii\framework\web\CBaseController.php(214): COutputProcessor->run()
#10 C:\xampp\htdocs\yii\framework\web\CBaseController.php(308): CBaseController->endWidget('CContentDecorat...')
#11 C:\xampp\htdocs\regenbuk\protected\views\layouts\column1.php(6): CBaseController->endContent()
#12 C:\xampp\htdocs\yii\framework\web\CBaseController.php(126): require('C:\\xampp\\htdocs...')
#13 C:\xampp\htdocs\yii\framework\web\CBaseController.php(95): CBaseController->renderInternal('C:\\xampp\\htdocs...', Array, true)
#14 C:\xampp\htdocs\yii\framework\web\CController.php(784): CBaseController->renderFile('C:\\xampp\\htdocs...', Array, true)
#15 C:\xampp\htdocs\regenbuk\protected\controllers\SiteController.php(32): CController->render('index')
#16 C:\xampp\htdocs\yii\framework\web\actions\CInlineAction.php(49): SiteController->actionIndex()
#17 C:\xampp\htdocs\yii\framework\web\CController.php(308): CInlineAction->runWithParams(Array)
#18 C:\xampp\htdocs\yii\framework\web\CController.php(286): CController->runAction(Object(CInlineAction))
#19 C:\xampp\htdocs\yii\framework\web\CController.php(265): CController->runActionWithFilters(Object(CInlineAction), Array)
#20 C:\xampp\htdocs\yii\framework\web\CWebApplication.php(282): CController->run('')
#21 C:\xampp\htdocs\yii\framework\web\CWebApplication.php(141): CWebApplication->runController('')
#22 C:\xampp\htdocs\yii\framework\base\CApplication.php(184): CWebApplication->processRequest()
#23 C:\xampp\htdocs\regenbuk\index.php(13): CApplication->run()
#24 {main}
REQUEST_URI=/regenbuk/
HTTP_REFERER=http://localhost/regenbuk/
---
2015/01/18 12:53:12 [error] [php] Creating default object from empty value (C:\xampp\htdocs\regenbuk\protected\controllers\SiteController.php:92)
Stack trace:
#0 C:\xampp\htdocs\yii\framework\web\CController.php(286): SiteController->runAction()
#1 C:\xampp\htdocs\yii\framework\web\CController.php(265): SiteController->runActionWithFilters()
#2 C:\xampp\htdocs\yii\framework\web\CWebApplication.php(282): SiteController->run()
#3 C:\xampp\htdocs\yii\framework\web\CWebApplication.php(141): CWebApplication->runController()
#4 C:\xampp\htdocs\yii\framework\base\CApplication.php(184): CWebApplication->processRequest()
#5 C:\xampp\htdocs\regenbuk\index.php(13): CWebApplication->run()
REQUEST_URI=/regenbuk/index.php/site/login
in C:\xampp\htdocs\regenbuk\protected\controllers\SiteController.php (92)
in C:\xampp\htdocs\regenbuk\index.php (13)
2015/01/18 12:53:13 [error] [exception.CHttpException.404] exception 'CHttpException' with message 'The system is unable to find the requested action "img".' in C:\xampp\htdocs\yii\framework\web\CController.php:483
Stack trace:
#0 C:\xampp\htdocs\yii\framework\web\CController.php(270): CController->missingAction('img')
#1 C:\xampp\htdocs\yii\framework\web\CWebApplication.php(282): CController->run('img')
#2 C:\xampp\htdocs\yii\framework\web\CWebApplication.php(141): CWebApplication->runController('site/img/logo-w...')
#3 C:\xampp\htdocs\yii\framework\base\CApplication.php(184): CWebApplication->processRequest()
#4 C:\xampp\htdocs\regenbuk\index.php(13): CApplication->run()
#5 {main}
REQUEST_URI=/regenbuk/index.php/site/img/logo-w.png
HTTP_REFERER=http://localhost/regenbuk/index.php/site/login
---
2015/01/18 12:57:38 [error] [php] Creating default object from empty value (C:\xampp\htdocs\regenbuk\protected\controllers\SiteController.php:92)
Stack trace:
#0 C:\xampp\htdocs\yii\framework\web\CController.php(286): SiteController->runAction()
#1 C:\xampp\htdocs\yii\framework\web\CController.php(265): SiteController->runActionWithFilters()
#2 C:\xampp\htdocs\yii\framework\web\CWebApplication.php(282): SiteController->run()
#3 C:\xampp\htdocs\yii\framework\web\CWebApplication.php(141): CWebApplication->runController()
#4 C:\xampp\htdocs\yii\framework\base\CApplication.php(184): CWebApplication->processRequest()
#5 C:\xampp\htdocs\regenbuk\index.php(13): CWebApplication->run()
REQUEST_URI=/regenbuk/index.php/site/login
in C:\xampp\htdocs\regenbuk\protected\controllers\SiteController.php (92)
in C:\xampp\htdocs\regenbuk\index.php (13)
2015/01/18 12:57:38 [error] [exception.CHttpException.404] exception 'CHttpException' with message 'The system is unable to find the requested action "img".' in C:\xampp\htdocs\yii\framework\web\CController.php:483
Stack trace:
#0 C:\xampp\htdocs\yii\framework\web\CController.php(270): CController->missingAction('img')
#1 C:\xampp\htdocs\yii\framework\web\CWebApplication.php(282): CController->run('img')
#2 C:\xampp\htdocs\yii\framework\web\CWebApplication.php(141): CWebApplication->runController('site/img/logo-w...')
#3 C:\xampp\htdocs\yii\framework\base\CApplication.php(184): CWebApplication->processRequest()
#4 C:\xampp\htdocs\regenbuk\index.php(13): CApplication->run()
#5 {main}
REQUEST_URI=/regenbuk/index.php/site/img/logo-w.png
HTTP_REFERER=http://localhost/regenbuk/index.php/site/login
---
2015/01/18 13:01:18 [error] [exception.CHttpException.404] exception 'CHttpException' with message 'Unable to resolve the request "img/logo-w.png".' in C:\xampp\htdocs\yii\framework\web\CWebApplication.php:286
Stack trace:
#0 C:\xampp\htdocs\yii\framework\web\CWebApplication.php(141): CWebApplication->runController('img/logo-w.png')
#1 C:\xampp\htdocs\yii\framework\base\CApplication.php(184): CWebApplication->processRequest()
#2 C:\xampp\htdocs\regenbuk\index.php(13): CApplication->run()
#3 {main}
REQUEST_URI=/regenbuk/index.php/img/logo-w.png
HTTP_REFERER=http://localhost/regenbuk/index.php/user
---
2015/01/18 13:01:18 [error] [exception.CHttpException.404] exception 'CHttpException' with message 'Unable to resolve the request "img/logo-w.png".' in C:\xampp\htdocs\yii\framework\web\CWebApplication.php:286
Stack trace:
#0 C:\xampp\htdocs\yii\framework\web\CWebApplication.php(141): CWebApplication->runController('img/logo-w.png')
#1 C:\xampp\htdocs\yii\framework\base\CApplication.php(184): CWebApplication->processRequest()
#2 C:\xampp\htdocs\regenbuk\index.php(13): CApplication->run()
#3 {main}
REQUEST_URI=/regenbuk/index.php/img/logo-w.png
HTTP_REFERER=http://localhost/regenbuk/index.php/user
---
2015/01/18 13:01:23 [error] [exception.CHttpException.404] exception 'CHttpException' with message 'The system is unable to find the requested action "img".' in C:\xampp\htdocs\yii\framework\web\CController.php:483
Stack trace:
#0 C:\xampp\htdocs\yii\framework\web\CController.php(270): CController->missingAction('img')
#1 C:\xampp\htdocs\yii\framework\web\CWebApplication.php(282): CController->run('img')
#2 C:\xampp\htdocs\yii\framework\web\CWebApplication.php(141): CWebApplication->runController('site/img/logo-w...')
#3 C:\xampp\htdocs\yii\framework\base\CApplication.php(184): CWebApplication->processRequest()
#4 C:\xampp\htdocs\regenbuk\index.php(13): CApplication->run()
#5 {main}
REQUEST_URI=/regenbuk/index.php/site/img/logo-w.png
HTTP_REFERER=http://localhost/regenbuk/index.php/site/login
---
2015/01/18 13:01:33 [error] [exception.CHttpException.404] exception 'CHttpException' with message 'The system is unable to find the requested action "img".' in C:\xampp\htdocs\yii\framework\web\CController.php:483
Stack trace:
#0 C:\xampp\htdocs\yii\framework\web\CController.php(270): CController->missingAction('img')
#1 C:\xampp\htdocs\yii\framework\web\CWebApplication.php(282): CController->run('img')
#2 C:\xampp\htdocs\yii\framework\web\CWebApplication.php(141): CWebApplication->runController('user/img/logo-w...')
#3 C:\xampp\htdocs\yii\framework\base\CApplication.php(184): CWebApplication->processRequest()
#4 C:\xampp\htdocs\regenbuk\index.php(13): CApplication->run()
#5 {main}
REQUEST_URI=/regenbuk/index.php/user/img/logo-w.png
HTTP_REFERER=http://localhost/regenbuk/index.php/user/create
---
2015/01/18 13:01:56 [error] [exception.CHttpException.404] exception 'CHttpException' with message 'The system is unable to find the requested action "img".' in C:\xampp\htdocs\yii\framework\web\CController.php:483
Stack trace:
#0 C:\xampp\htdocs\yii\framework\web\CController.php(270): CController->missingAction('img')
#1 C:\xampp\htdocs\yii\framework\web\CWebApplication.php(282): CController->run('img')
#2 C:\xampp\htdocs\yii\framework\web\CWebApplication.php(141): CWebApplication->runController('user/img/logo-w...')
#3 C:\xampp\htdocs\yii\framework\base\CApplication.php(184): CWebApplication->processRequest()
#4 C:\xampp\htdocs\regenbuk\index.php(13): CApplication->run()
#5 {main}
REQUEST_URI=/regenbuk/index.php/user/img/logo-w.png
HTTP_REFERER=http://localhost/regenbuk/index.php/user/create
---
2015/01/18 13:01:59 [error] [exception.CHttpException.404] exception 'CHttpException' with message 'Unable to resolve the request "img/logo-w.png".' in C:\xampp\htdocs\yii\framework\web\CWebApplication.php:286
Stack trace:
#0 C:\xampp\htdocs\yii\framework\web\CWebApplication.php(141): CWebApplication->runController('img/logo-w.png')
#1 C:\xampp\htdocs\yii\framework\base\CApplication.php(184): CWebApplication->processRequest()
#2 C:\xampp\htdocs\regenbuk\index.php(13): CApplication->run()
#3 {main}
REQUEST_URI=/regenbuk/index.php/img/logo-w.png
HTTP_REFERER=http://localhost/regenbuk/index.php/
---
2015/01/18 13:01:59 [error] [exception.CHttpException.404] exception 'CHttpException' with message 'Unable to resolve the request "img/logo-b.png".' in C:\xampp\htdocs\yii\framework\web\CWebApplication.php:286
Stack trace:
#0 C:\xampp\htdocs\yii\framework\web\CWebApplication.php(141): CWebApplication->runController('img/logo-b.png')
#1 C:\xampp\htdocs\yii\framework\base\CApplication.php(184): CWebApplication->processRequest()
#2 C:\xampp\htdocs\regenbuk\index.php(13): CApplication->run()
#3 {main}
REQUEST_URI=/regenbuk/index.php/img/logo-b.png
HTTP_REFERER=http://localhost/regenbuk/index.php/
---
2015/01/18 13:01:59 [error] [exception.CHttpException.404] exception 'CHttpException' with message 'Unable to resolve the request "img/logo.png".' in C:\xampp\htdocs\yii\framework\web\CWebApplication.php:286
Stack trace:
#0 C:\xampp\htdocs\yii\framework\web\CWebApplication.php(141): CWebApplication->runController('img/logo.png')
#1 C:\xampp\htdocs\yii\framework\base\CApplication.php(184): CWebApplication->processRequest()
#2 C:\xampp\htdocs\regenbuk\index.php(13): CApplication->run()
#3 {main}
REQUEST_URI=/regenbuk/index.php/img/logo.png
HTTP_REFERER=http://localhost/regenbuk/index.php/
---
2015/01/18 13:03:09 [error] [exception.CHttpException.404] exception 'CHttpException' with message 'Unable to resolve the request "img/logo.png".' in C:\xampp\htdocs\yii\framework\web\CWebApplication.php:286
Stack trace:
#0 C:\xampp\htdocs\yii\framework\web\CWebApplication.php(141): CWebApplication->runController('img/logo.png')
#1 C:\xampp\htdocs\yii\framework\base\CApplication.php(184): CWebApplication->processRequest()
#2 C:\xampp\htdocs\regenbuk\index.php(13): CApplication->run()
#3 {main}
REQUEST_URI=/regenbuk/index.php/img/logo.png
HTTP_REFERER=http://localhost/regenbuk/index.php/
---
2015/01/18 13:03:09 [error] [exception.CHttpException.404] exception 'CHttpException' with message 'Unable to resolve the request "img/logo-b.png".' in C:\xampp\htdocs\yii\framework\web\CWebApplication.php:286
Stack trace:
#0 C:\xampp\htdocs\yii\framework\web\CWebApplication.php(141): CWebApplication->runController('img/logo-b.png')
#1 C:\xampp\htdocs\yii\framework\base\CApplication.php(184): CWebApplication->processRequest()
#2 C:\xampp\htdocs\regenbuk\index.php(13): CApplication->run()
#3 {main}
REQUEST_URI=/regenbuk/index.php/img/logo-b.png
HTTP_REFERER=http://localhost/regenbuk/index.php/
---
2015/01/18 13:09:26 [error] [exception.CHttpException.404] exception 'CHttpException' with message 'The system is unable to find the requested action "logout".' in C:\xampp\htdocs\yii\framework\web\CController.php:483
Stack trace:
#0 C:\xampp\htdocs\yii\framework\web\CController.php(270): CController->missingAction('logout')
#1 C:\xampp\htdocs\yii\framework\web\CWebApplication.php(282): CController->run('logout')
#2 C:\xampp\htdocs\yii\framework\web\CWebApplication.php(141): CWebApplication->runController('user/logout')
#3 C:\xampp\htdocs\yii\framework\base\CApplication.php(184): CWebApplication->processRequest()
#4 C:\xampp\htdocs\regenbuk\index.php(13): CApplication->run()
#5 {main}
REQUEST_URI=/regenbuk/index.php/user/logout
---
2015/01/18 13:16:50 [error] [exception.CException] exception 'CException' with message 'Property "CActiveForm.class" is not defined.' in C:\xampp\htdocs\yii\framework\base\CComponent.php:173
Stack trace:
#0 C:\xampp\htdocs\yii\framework\web\CWidgetFactory.php(161): CComponent->__set('class', 'expanded-form')
#1 C:\xampp\htdocs\yii\framework\web\CBaseController.php(146): CWidgetFactory->createWidget(Object(UserController), 'CActiveForm', Array)
#2 C:\xampp\htdocs\yii\framework\web\CBaseController.php(197): CBaseController->createWidget('CActiveForm', Array)
#3 C:\xampp\htdocs\regenbuk\protected\views\user\register.php(27): CBaseController->beginWidget('CActiveForm', Array)
#4 C:\xampp\htdocs\yii\framework\web\CBaseController.php(126): require('C:\\xampp\\htdocs...')
#5 C:\xampp\htdocs\yii\framework\web\CBaseController.php(95): CBaseController->renderInternal('C:\\xampp\\htdocs...', Array, true)
#6 C:\xampp\htdocs\yii\framework\web\CController.php(869): CBaseController->renderFile('C:\\xampp\\htdocs...', Array, true)
#7 C:\xampp\htdocs\yii\framework\web\CController.php(782): CController->renderPartial('register', Array, true)
#8 C:\xampp\htdocs\regenbuk\protected\controllers\UserController.php(98): CController->render('register', Array)
#9 C:\xampp\htdocs\yii\framework\web\actions\CInlineAction.php(49): UserController->actionRegister()
#10 C:\xampp\htdocs\yii\framework\web\CController.php(308): CInlineAction->runWithParams(Array)
#11 C:\xampp\htdocs\yii\framework\web\filters\CFilterChain.php(133): CController->runAction(Object(CInlineAction))
#12 C:\xampp\htdocs\yii\framework\web\filters\CFilter.php(40): CFilterChain->run()
#13 C:\xampp\htdocs\yii\framework\web\CController.php(1145): CFilter->filter(Object(CFilterChain))
#14 C:\xampp\htdocs\yii\framework\web\filters\CInlineFilter.php(58): CController->filterAccessControl(Object(CFilterChain))
#15 C:\xampp\htdocs\yii\framework\web\filters\CFilterChain.php(130): CInlineFilter->filter(Object(CFilterChain))
#16 C:\xampp\htdocs\yii\framework\web\CController.php(291): CFilterChain->run()
#17 C:\xampp\htdocs\yii\framework\web\CController.php(265): CController->runActionWithFilters(Object(CInlineAction), Array)
#18 C:\xampp\htdocs\yii\framework\web\CWebApplication.php(282): CController->run('register')
#19 C:\xampp\htdocs\yii\framework\web\CWebApplication.php(141): CWebApplication->runController('user/register')
#20 C:\xampp\htdocs\yii\framework\base\CApplication.php(184): CWebApplication->processRequest()
#21 C:\xampp\htdocs\regenbuk\index.php(13): CApplication->run()
#22 {main}
REQUEST_URI=/regenbuk/index.php/user/register
---
2015/01/18 14:10:27 [warning] [application] Failed to set unsafe attribute "cpassword" of "User".
in C:\xampp\htdocs\regenbuk\protected\controllers\UserController.php (91)
in C:\xampp\htdocs\regenbuk\index.php (13)
2015/01/18 14:10:35 [warning] [application] Failed to set unsafe attribute "cpassword" of "User".
in C:\xampp\htdocs\regenbuk\protected\controllers\UserController.php (91)
in C:\xampp\htdocs\regenbuk\index.php (13)
2015/01/18 17:22:16 [error] [exception.CHttpException.403] exception 'CHttpException' with message 'You are not authorized to perform this action.' in C:\xampp\htdocs\yii\framework\web\auth\CAccessControlFilter.php:182
Stack trace:
#0 C:\xampp\htdocs\yii\framework\web\auth\CAccessControlFilter.php(145): CAccessControlFilter->accessDenied(Object(CWebUser), 'You are not aut...')
#1 C:\xampp\htdocs\yii\framework\web\filters\CFilter.php(38): CAccessControlFilter->preFilter(Object(CFilterChain))
#2 C:\xampp\htdocs\yii\framework\web\CController.php(1145): CFilter->filter(Object(CFilterChain))
#3 C:\xampp\htdocs\yii\framework\web\filters\CInlineFilter.php(58): CController->filterAccessControl(Object(CFilterChain))
#4 C:\xampp\htdocs\yii\framework\web\filters\CFilterChain.php(130): CInlineFilter->filter(Object(CFilterChain))
#5 C:\xampp\htdocs\yii\framework\web\CController.php(291): CFilterChain->run()
#6 C:\xampp\htdocs\yii\framework\web\CController.php(265): CController->runActionWithFilters(Object(CInlineAction), Array)
#7 C:\xampp\htdocs\yii\framework\web\CWebApplication.php(282): CController->run('create')
#8 C:\xampp\htdocs\yii\framework\web\CWebApplication.php(141): CWebApplication->runController('user/create')
#9 C:\xampp\htdocs\yii\framework\base\CApplication.php(184): CWebApplication->processRequest()
#10 C:\xampp\htdocs\regenbuk\index.php(13): CApplication->run()
#11 {main}
REQUEST_URI=/regenbuk/index.php/user/create
HTTP_REFERER=http://localhost/regenbuk/
---
2015/01/18 17:26:32 [error] [exception.CHttpException.403] exception 'CHttpException' with message 'You are not authorized to perform this action.' in C:\xampp\htdocs\yii\framework\web\auth\CAccessControlFilter.php:182
Stack trace:
#0 C:\xampp\htdocs\yii\framework\web\auth\CAccessControlFilter.php(145): CAccessControlFilter->accessDenied(Object(CWebUser), 'You are not aut...')
#1 C:\xampp\htdocs\yii\framework\web\filters\CFilter.php(38): CAccessControlFilter->preFilter(Object(CFilterChain))
#2 C:\xampp\htdocs\yii\framework\web\CController.php(1145): CFilter->filter(Object(CFilterChain))
#3 C:\xampp\htdocs\yii\framework\web\filters\CInlineFilter.php(58): CController->filterAccessControl(Object(CFilterChain))
#4 C:\xampp\htdocs\yii\framework\web\filters\CFilterChain.php(130): CInlineFilter->filter(Object(CFilterChain))
#5 C:\xampp\htdocs\yii\framework\web\CController.php(291): CFilterChain->run()
#6 C:\xampp\htdocs\yii\framework\web\CController.php(265): CController->runActionWithFilters(Object(CInlineAction), Array)
#7 C:\xampp\htdocs\yii\framework\web\CWebApplication.php(282): CController->run('create')
#8 C:\xampp\htdocs\yii\framework\web\CWebApplication.php(141): CWebApplication->runController('user/create')
#9 C:\xampp\htdocs\yii\framework\base\CApplication.php(184): CWebApplication->processRequest()
#10 C:\xampp\htdocs\regenbuk\index.php(13): CApplication->run()
#11 {main}
REQUEST_URI=/regenbuk/index.php/user/create
HTTP_REFERER=http://localhost/regenbuk/index.php/site/login
---
2015/01/18 17:27:07 [error] [exception.CHttpException.404] exception 'CHttpException' with message 'The system is unable to find the requested action "index.php".' in C:\xampp\htdocs\yii\framework\web\CController.php:483
Stack trace:
#0 C:\xampp\htdocs\yii\framework\web\CController.php(270): CController->missingAction('index.php')
#1 C:\xampp\htdocs\yii\framework\web\CWebApplication.php(282): CController->run('index.php')
#2 C:\xampp\htdocs\yii\framework\web\CWebApplication.php(141): CWebApplication->runController('user/index.php/...')
#3 C:\xampp\htdocs\yii\framework\base\CApplication.php(184): CWebApplication->processRequest()
#4 C:\xampp\htdocs\regenbuk\index.php(13): CApplication->run()
#5 {main}
REQUEST_URI=/regenbuk/index.php/user/index.php/site/logout
HTTP_REFERER=http://localhost/regenbuk/index.php/user/create
---
2015/01/18 17:27:11 [error] [exception.CHttpException.404] exception 'CHttpException' with message 'The system is unable to find the requested action "index.php".' in C:\xampp\htdocs\yii\framework\web\CController.php:483
Stack trace:
#0 C:\xampp\htdocs\yii\framework\web\CController.php(270): CController->missingAction('index.php')
#1 C:\xampp\htdocs\yii\framework\web\CWebApplication.php(282): CController->run('index.php')
#2 C:\xampp\htdocs\yii\framework\web\CWebApplication.php(141): CWebApplication->runController('user/index.php/...')
#3 C:\xampp\htdocs\yii\framework\base\CApplication.php(184): CWebApplication->processRequest()
#4 C:\xampp\htdocs\regenbuk\index.php(13): CApplication->run()
#5 {main}
REQUEST_URI=/regenbuk/index.php/user/index.php/site/index.php/site/logout
HTTP_REFERER=http://localhost/regenbuk/index.php/user/index.php/site/logout
---
2015/01/18 17:27:13 [error] [exception.CHttpException.404] exception 'CHttpException' with message 'The system is unable to find the requested action "index.php".' in C:\xampp\htdocs\yii\framework\web\CController.php:483
Stack trace:
#0 C:\xampp\htdocs\yii\framework\web\CController.php(270): CController->missingAction('index.php')
#1 C:\xampp\htdocs\yii\framework\web\CWebApplication.php(282): CController->run('index.php')
#2 C:\xampp\htdocs\yii\framework\web\CWebApplication.php(141): CWebApplication->runController('user/index.php/...')
#3 C:\xampp\htdocs\yii\framework\base\CApplication.php(184): CWebApplication->processRequest()
#4 C:\xampp\htdocs\regenbuk\index.php(13): CApplication->run()
#5 {main}
REQUEST_URI=/regenbuk/index.php/user/index.php/site/index.php/site/index.php/site/logout
HTTP_REFERER=http://localhost/regenbuk/index.php/user/index.php/site/index.php/site/logout
---
2015/01/18 17:27:13 [error] [exception.CHttpException.404] exception 'CHttpException' with message 'The system is unable to find the requested action "index.php".' in C:\xampp\htdocs\yii\framework\web\CController.php:483
Stack trace:
#0 C:\xampp\htdocs\yii\framework\web\CController.php(270): CController->missingAction('index.php')
#1 C:\xampp\htdocs\yii\framework\web\CWebApplication.php(282): CController->run('index.php')
#2 C:\xampp\htdocs\yii\framework\web\CWebApplication.php(141): CWebApplication->runController('user/index.php/...')
#3 C:\xampp\htdocs\yii\framework\base\CApplication.php(184): CWebApplication->processRequest()
#4 C:\xampp\htdocs\regenbuk\index.php(13): CApplication->run()
#5 {main}
REQUEST_URI=/regenbuk/index.php/user/index.php/site/index.php/site/index.php/site/index.php/site/logout
HTTP_REFERER=http://localhost/regenbuk/index.php/user/index.php/site/index.php/site/index.php/site/logout
---
